<?xml version="1.0" encoding="UTF-8"?>
<!-- Generated by org.testng.reporters.JUnitReportReporter -->
<testsuite skipped="0" hostname="LAPTOP-GNV25A78" name="bdd.APIFramework.AppTest" tests="1" failures="0" timestamp="05 Apr 2021 05:50:21 GMT" time="0.007" errors="0">
  <testcase name="shouldAnswerWithTrue" time="0.007" classname="bdd.APIFramework.AppTest"/>
</testsuite> <!-- bdd.APIFramework.AppTest -->
